#
# There is insufficient memory for the Java Runtime Environment to continue.
# Native memory allocation (mmap) failed to map 65536 bytes for Failed to commit metaspace.
# Possible reasons:
#   The system is out of physical RAM or swap space
#   The process is running with CompressedOops enabled, and the Java Heap may be blocking the growth of the native heap
# Possible solutions:
#   Reduce memory load on the system
#   Increase physical memory or swap space
#   Check if swap backing store is full
#   Decrease Java heap size (-Xmx/-Xms)
#   Decrease number of Java threads
#   Decrease Java thread stack sizes (-Xss)
#   Set larger code cache with -XX:ReservedCodeCacheSize=
#   JVM is running with Zero Based Compressed Oops mode in which the Java heap is
#     placed in the first 32GB address space. The Java Heap base address is the
#     maximum limit for the native heap growth. Please use -XX:HeapBaseMinAddress
#     to set the Java Heap base and to place the Java Heap above 32GB virtual address.
# This output file may be truncated or incomplete.
#
#  Out of Memory Error (virtualSpaceNode.cpp:110), pid=73432, tid=59244
#
# JRE version: Java(TM) SE Runtime Environment (17.0.6+9) (build 17.0.6+9-LTS-190)
# Java VM: Java HotSpot(TM) 64-Bit Server VM (17.0.6+9-LTS-190, mixed mode, tiered, compressed oops, compressed class ptrs, g1 gc, windows-amd64)
# No core dump will be written. Minidumps are not enabled by default on client versions of Windows
#

---------------  S U M M A R Y ------------

Command Line: -javaagent:C:\Program Files\JetBrains\IntelliJ IDEA 2022.2.1\lib\idea_rt.jar=54995:C:\Program Files\JetBrains\IntelliJ IDEA 2022.2.1\bin -Dfile.encoding=UTF-8 --module-path=C:\Users\AmirAli\.m2\repository\org\openjfx\javafx-fxml\17.0.2\javafx-fxml-17.0.2-win.jar;C:\Users\AmirAli\.m2\repository\com\google\code\gson\gson\2.10.1\gson-2.10.1.jar;C:\Users\AmirAli\.m2\repository\org\openjfx\javafx-controls\17.0.2\javafx-controls-17.0.2-win.jar;C:\Users\AmirAli\.m2\repository\org\openjfx\javafx-graphics\17.0.2\javafx-graphics-17.0.2-win.jar;C:\Users\AmirAli\.m2\repository\org\openjfx\javafx-base\17.0.2\javafx-base-17.0.2-win.jar;C:\Users\AmirAli\.m2\repository\org\openjfx\javafx-media\16\javafx-media-16-win.jar;C:\Users\AmirAli\Desktop\AP-Project\project-group-39\warSalib\target\classes;C:\Users\AmirAli\.m2\repository\org\passay\passay\1.3.1\passay-1.3.1.jar -Djdk.module.main=warSalib warSalib/view.StartGame

Host: Intel(R) Core(TM) i5-1035G1 CPU @ 1.00GHz, 8 cores, 11G,  Windows 10 , 64 bit Build 19041 (10.0.19041.2913)
Time: Sat Jul  1 19:55:35 2023 Iran Standard Time elapsed time: 0.107345 seconds (0d 0h 0m 0s)

---------------  T H R E A D  ---------------

Current thread (0x0000020683dc2140):  JavaThread "main" [_thread_in_vm, id=59244, stack(0x000000f4b7600000,0x000000f4b7700000)]

Stack: [0x000000f4b7600000,0x000000f4b7700000]
Native frames: (J=compiled Java code, j=interpreted, Vv=VM code, C=native code)
V  [jvm.dll+0x6734ea]
V  [jvm.dll+0x7d18f4]
V  [jvm.dll+0x7d309e]
V  [jvm.dll+0x7d3703]
V  [jvm.dll+0x2433c5]
V  [jvm.dll+0x7cd9fb]
V  [jvm.dll+0x619546]
V  [jvm.dll+0x6195aa]
V  [jvm.dll+0x61bdcd]
V  [jvm.dll+0x619f06]
V  [jvm.dll+0x238f21]
V  [jvm.dll+0x1e8437]
V  [jvm.dll+0x1de0d1]
V  [jvm.dll+0x5399dc]
V  [jvm.dll+0x1ee9ea]
V  [jvm.dll+0x74ba4d]
V  [jvm.dll+0x74ce33]
V  [jvm.dll+0x74d168]
V  [jvm.dll+0x23b88b]
V  [jvm.dll+0x23badf]
V  [jvm.dll+0x557aa8]
V  [jvm.dll+0x55a977]
V  [jvm.dll+0x37e0d1]
V  [jvm.dll+0x37d72f]
C  0x0000020692b9a622

Java frames: (J=compiled Java code, j=interpreted, Vv=VM code)
j  java.lang.Runtime$Version.parse(Ljava/lang/String;)Ljava/lang/Runtime$Version;+33 java.base
j  java.util.jar.JarFile.<clinit>()V+31 java.base
v  ~StubRoutines::call_stub
j  jdk.internal.module.ModulePath.of(Ljdk/internal/module/ModulePatcher;[Ljava/nio/file/Path;)Ljava/lang/module/ModuleFinder;+4 java.base
j  jdk.internal.module.ModuleBootstrap.finderFor(Ljava/lang/String;)Ljava/lang/module/ModuleFinder;+79 java.base
j  jdk.internal.module.ModuleBootstrap.boot2()Ljava/lang/ModuleLayer;+8 java.base
j  jdk.internal.module.ModuleBootstrap.boot()Ljava/lang/ModuleLayer;+64 java.base
j  java.lang.System.initPhase2(ZZ)I+0 java.base
v  ~StubRoutines::call_stub

---------------  P R O C E S S  ---------------

Threads class SMR info:
_java_thread_list=0x00000206a50703e0, length=10, elements={
0x0000020683dc2140, 0x00000206a5043020, 0x00000206a50457f0, 0x00000206a5061b80,
0x00000206a5062440, 0x00000206a5067f20, 0x00000206a50688d0, 0x00000206a50695b0,
0x00000206a506bad0, 0x00000206a5072360
}

Java Threads: ( => current thread )
=>0x0000020683dc2140 JavaThread "main" [_thread_in_vm, id=59244, stack(0x000000f4b7600000,0x000000f4b7700000)]
  0x00000206a5043020 JavaThread "Reference Handler" daemon [_thread_blocked, id=74324, stack(0x000000f4b7d00000,0x000000f4b7e00000)]
  0x00000206a50457f0 JavaThread "Finalizer" daemon [_thread_blocked, id=24200, stack(0x000000f4b7e00000,0x000000f4b7f00000)]
  0x00000206a5061b80 JavaThread "Signal Dispatcher" daemon [_thread_blocked, id=57700, stack(0x000000f4b7f00000,0x000000f4b8000000)]
  0x00000206a5062440 JavaThread "Attach Listener" daemon [_thread_blocked, id=78296, stack(0x000000f4b8000000,0x000000f4b8100000)]
  0x00000206a5067f20 JavaThread "Service Thread" daemon [_thread_blocked, id=7636, stack(0x000000f4b8100000,0x000000f4b8200000)]
  0x00000206a50688d0 JavaThread "Monitor Deflation Thread" daemon [_thread_blocked, id=52396, stack(0x000000f4b8200000,0x000000f4b8300000)]
  0x00000206a50695b0 JavaThread "C2 CompilerThread0" daemon [_thread_blocked, id=56596, stack(0x000000f4b8300000,0x000000f4b8400000)]
  0x00000206a506bad0 JavaThread "C1 CompilerThread0" daemon [_thread_blocked, id=51220, stack(0x000000f4b8400000,0x000000f4b8500000)]
  0x00000206a5072360 JavaThread "Sweeper thread" daemon [_thread_blocked, id=45812, stack(0x000000f4b8500000,0x000000f4b8600000)]

Other Threads:
  0x00000206a441ac30 VMThread "VM Thread" [stack: 0x000000f4b7c00000,0x000000f4b7d00000] [id=17300]
  0x0000020683e19250 GCTaskThread "GC Thread#0" [stack: 0x000000f4b7700000,0x000000f4b7800000] [id=74044]
  0x0000020683e25e90 ConcurrentGCThread "G1 Main Marker" [stack: 0x000000f4b7800000,0x000000f4b7900000] [id=46976]
  0x0000020683e27040 ConcurrentGCThread "G1 Conc#0" [stack: 0x000000f4b7900000,0x000000f4b7a00000] [id=51648]
  0x00000206a42ca100 ConcurrentGCThread "G1 Refine#0" [stack: 0x000000f4b7a00000,0x000000f4b7b00000] [id=63612]
  0x00000206a42caa30 ConcurrentGCThread "G1 Service" [stack: 0x000000f4b7b00000,0x000000f4b7c00000] [id=42096]

Threads with active compile tasks:

VM state: not at safepoint (normal execution)

VM Mutex/Monitor currently owned by a thread:  ([mutex/lock_event])
[0x0000020683dbb9a0] Metaspace_lock - owner thread: 0x0000020683dc2140

Heap address: 0x0000000743000000, size: 3024 MB, Compressed Oops mode: Zero based, Oop shift amount: 3

CDS archive(s) not mapped
Compressed class space mapped at: 0x0000000800000000-0x0000000840000000, reserved size: 1073741824
Narrow klass base: 0x0000000800000000, Narrow klass shift: 0, Narrow klass range: 0x40000000

GC Precious Log:
 CPUs: 8 total, 8 available
 Memory: 12093M
 Large Page Support: Disabled
 NUMA Support: Disabled
 Compressed Oops: Enabled (Zero based)
 Heap Region Size: 2M
 Heap Min Capacity: 8M
 Heap Initial Capacity: 190M
 Heap Max Capacity: 3024M
 Pre-touch: Disabled
 Parallel Workers: 8
 Concurrent Workers: 2
 Concurrent Refinement Workers: 8
 Periodic GC: Disabled

Heap:
 garbage-first heap   total 194560K, used 0K [0x0000000743000000, 0x0000000800000000)
  region size 2048K, 1 young (2048K), 0 survivors (0K)
 Metaspace       used 3112K, committed 3136K, reserved 1056768K
  class space    used 233K, committed 256K, reserved 1048576K

Heap Regions: E=young(eden), S=young(survivor), O=old, HS=humongous(starts), HC=humongous(continues), CS=collection set, F=free, OA=open archive, CA=closed archive, TAMS=top-at-mark-start (previous, next)
|   0|0x0000000743000000, 0x0000000743000000, 0x0000000743200000|  0%| F|  |TAMS 0x0000000743000000, 0x0000000743000000| Untracked 
|   1|0x0000000743200000, 0x0000000743200000, 0x0000000743400000|  0%| F|  |TAMS 0x0000000743200000, 0x0000000743200000| Untracked 
|   2|0x0000000743400000, 0x0000000743400000, 0x0000000743600000|  0%| F|  |TAMS 0x0000000743400000, 0x0000000743400000| Untracked 
|   3|0x0000000743600000, 0x0000000743600000, 0x0000000743800000|  0%| F|  |TAMS 0x0000000743600000, 0x0000000743600000| Untracked 
|   4|0x0000000743800000, 0x0000000743800000, 0x0000000743a00000|  0%| F|  |TAMS 0x0000000743800000, 0x0000000743800000| Untracked 
|   5|0x0000000743a00000, 0x0000000743a00000, 0x0000000743c00000|  0%| F|  |TAMS 0x0000000743a00000, 0x0000000743a00000| Untracked 
|   6|0x0000000743c00000, 0x0000000743c00000, 0x0000000743e00000|  0%| F|  |TAMS 0x0000000743c00000, 0x0000000743c00000| Untracked 
|   7|0x0000000743e00000, 0x0000000743e00000, 0x0000000744000000|  0%| F|  |TAMS 0x0000000743e00000, 0x0000000743e00000| Untracked 
|   8|0x0000000744000000, 0x0000000744000000, 0x0000000744200000|  0%| F|  |TAMS 0x0000000744000000, 0x0000000744000000| Untracked 
|   9|0x0000000744200000, 0x0000000744200000, 0x0000000744400000|  0%| F|  |TAMS 0x0000000744200000, 0x0000000744200000| Untracked 
|  10|0x0000000744400000, 0x0000000744400000, 0x0000000744600000|  0%| F|  |TAMS 0x0000000744400000, 0x0000000744400000| Untracked 
|  11|0x0000000744600000, 0x0000000744600000, 0x0000000744800000|  0%| F|  |TAMS 0x0000000744600000, 0x0000000744600000| Untracked 
|  12|0x0000000744800000, 0x0000000744800000, 0x0000000744a00000|  0%| F|  |TAMS 0x0000000744800000, 0x0000000744800000| Untracked 
|  13|0x0000000744a00000, 0x0000000744a00000, 0x0000000744c00000|  0%| F|  |TAMS 0x0000000744a00000, 0x0000000744a00000| Untracked 
|  14|0x0000000744c00000, 0x0000000744c00000, 0x0000000744e00000|  0%| F|  |TAMS 0x0000000744c00000, 0x0000000744c00000| Untracked 
|  15|0x0000000744e00000, 0x0000000744e00000, 0x0000000745000000|  0%| F|  |TAMS 0x0000000744e00000, 0x0000000744e00000| Untracked 
|  16|0x0000000745000000, 0x0000000745000000, 0x0000000745200000|  0%| F|  |TAMS 0x0000000745000000, 0x0000000745000000| Untracked 
|  17|0x0000000745200000, 0x0000000745200000, 0x0000000745400000|  0%| F|  |TAMS 0x0000000745200000, 0x0000000745200000| Untracked 
|  18|0x0000000745400000, 0x0000000745400000, 0x0000000745600000|  0%| F|  |TAMS 0x0000000745400000, 0x0000000745400000| Untracked 
|  19|0x0000000745600000, 0x0000000745600000, 0x0000000745800000|  0%| F|  |TAMS 0x0000000745600000, 0x0000000745600000| Untracked 
|  20|0x0000000745800000, 0x0000000745800000, 0x0000000745a00000|  0%| F|  |TAMS 0x0000000745800000, 0x0000000745800000| Untracked 
|  21|0x0000000745a00000, 0x0000000745a00000, 0x0000000745c00000|  0%| F|  |TAMS 0x0000000745a00000, 0x0000000745a00000| Untracked 
|  22|0x0000000745c00000, 0x0000000745c00000, 0x0000000745e00000|  0%| F|  |TAMS 0x0000000745c00000, 0x0000000745c00000| Untracked 
|  23|0x0000000745e00000, 0x0000000745e00000, 0x0000000746000000|  0%| F|  |TAMS 0x0000000745e00000, 0x0000000745e00000| Untracked 
|  24|0x0000000746000000, 0x0000000746000000, 0x0000000746200000|  0%| F|  |TAMS 0x0000000746000000, 0x0000000746000000| Untracked 
|  25|0x0000000746200000, 0x0000000746200000, 0x0000000746400000|  0%| F|  |TAMS 0x0000000746200000, 0x0000000746200000| Untracked 
|  26|0x0000000746400000, 0x0000000746400000, 0x0000000746600000|  0%| F|  |TAMS 0x0000000746400000, 0x0000000746400000| Untracked 
|  27|0x0000000746600000, 0x0000000746600000, 0x0000000746800000|  0%| F|  |TAMS 0x0000000746600000, 0x0000000746600000| Untracked 
|  28|0x0000000746800000, 0x0000000746800000, 0x0000000746a00000|  0%| F|  |TAMS 0x0000000746800000, 0x0000000746800000| Untracked 
|  29|0x0000000746a00000, 0x0000000746a00000, 0x0000000746c00000|  0%| F|  |TAMS 0x0000000746a00000, 0x0000000746a00000| Untracked 
|  30|0x0000000746c00000, 0x0000000746c00000, 0x0000000746e00000|  0%| F|  |TAMS 0x0000000746c00000, 0x0000000746c00000| Untracked 
|  31|0x0000000746e00000, 0x0000000746e00000, 0x0000000747000000|  0%| F|  |TAMS 0x0000000746e00000, 0x0000000746e00000| Untracked 
|  32|0x0000000747000000, 0x0000000747000000, 0x0000000747200000|  0%| F|  |TAMS 0x0000000747000000, 0x0000000747000000| Untracked 
|  33|0x0000000747200000, 0x0000000747200000, 0x0000000747400000|  0%| F|  |TAMS 0x0000000747200000, 0x0000000747200000| Untracked 
|  34|0x0000000747400000, 0x0000000747400000, 0x0000000747600000|  0%| F|  |TAMS 0x0000000747400000, 0x0000000747400000| Untracked 
|  35|0x0000000747600000, 0x0000000747600000, 0x0000000747800000|  0%| F|  |TAMS 0x0000000747600000, 0x0000000747600000| Untracked 
|  36|0x0000000747800000, 0x0000000747800000, 0x0000000747a00000|  0%| F|  |TAMS 0x0000000747800000, 0x0000000747800000| Untracked 
|  37|0x0000000747a00000, 0x0000000747a00000, 0x0000000747c00000|  0%| F|  |TAMS 0x0000000747a00000, 0x0000000747a00000| Untracked 
|  38|0x0000000747c00000, 0x0000000747c00000, 0x0000000747e00000|  0%| F|  |TAMS 0x0000000747c00000, 0x0000000747c00000| Untracked 
|  39|0x0000000747e00000, 0x0000000747e00000, 0x0000000748000000|  0%| F|  |TAMS 0x0000000747e00000, 0x0000000747e00000| Untracked 
|  40|0x0000000748000000, 0x0000000748000000, 0x0000000748200000|  0%| F|  |TAMS 0x0000000748000000, 0x0000000748000000| Untracked 
|  41|0x0000000748200000, 0x0000000748200000, 0x0000000748400000|  0%| F|  |TAMS 0x0000000748200000, 0x0000000748200000| Untracked 
|  42|0x0000000748400000, 0x0000000748400000, 0x0000000748600000|  0%| F|  |TAMS 0x0000000748400000, 0x0000000748400000| Untracked 
|  43|0x0000000748600000, 0x0000000748600000, 0x0000000748800000|  0%| F|  |TAMS 0x0000000748600000, 0x0000000748600000| Untracked 
|  44|0x0000000748800000, 0x0000000748800000, 0x0000000748a00000|  0%| F|  |TAMS 0x0000000748800000, 0x0000000748800000| Untracked 
|  45|0x0000000748a00000, 0x0000000748a00000, 0x0000000748c00000|  0%| F|  |TAMS 0x0000000748a00000, 0x0000000748a00000| Untracked 
|  46|0x0000000748c00000, 0x0000000748c00000, 0x0000000748e00000|  0%| F|  |TAMS 0x0000000748c00000, 0x0000000748c00000| Untracked 
|  47|0x0000000748e00000, 0x0000000748e00000, 0x0000000749000000|  0%| F|  |TAMS 0x0000000748e00000, 0x0000000748e00000| Untracked 
|  48|0x0000000749000000, 0x0000000749000000, 0x0000000749200000|  0%| F|  |TAMS 0x0000000749000000, 0x0000000749000000| Untracked 
|  49|0x0000000749200000, 0x0000000749200000, 0x0000000749400000|  0%| F|  |TAMS 0x0000000749200000, 0x0000000749200000| Untracked 
|  50|0x0000000749400000, 0x0000000749400000, 0x0000000749600000|  0%| F|  |TAMS 0x0000000749400000, 0x0000000749400000| Untracked 
|  51|0x0000000749600000, 0x0000000749600000, 0x0000000749800000|  0%| F|  |TAMS 0x0000000749600000, 0x0000000749600000| Untracked 
|  52|0x0000000749800000, 0x0000000749800000, 0x0000000749a00000|  0%| F|  |TAMS 0x0000000749800000, 0x0000000749800000| Untracked 
|  53|0x0000000749a00000, 0x0000000749a00000, 0x0000000749c00000|  0%| F|  |TAMS 0x0000000749a00000, 0x0000000749a00000| Untracked 
|  54|0x0000000749c00000, 0x0000000749c00000, 0x0000000749e00000|  0%| F|  |TAMS 0x0000000749c00000, 0x0000000749c00000| Untracked 
|  55|0x0000000749e00000, 0x0000000749e00000, 0x000000074a000000|  0%| F|  |TAMS 0x0000000749e00000, 0x0000000749e00000| Untracked 
|  56|0x000000074a000000, 0x000000074a000000, 0x000000074a200000|  0%| F|  |TAMS 0x000000074a000000, 0x000000074a000000| Untracked 
|  57|0x000000074a200000, 0x000000074a200000, 0x000000074a400000|  0%| F|  |TAMS 0x000000074a200000, 0x000000074a200000| Untracked 
|  58|0x000000074a400000, 0x000000074a400000, 0x000000074a600000|  0%| F|  |TAMS 0x000000074a400000, 0x000000074a400000| Untracked 
|  59|0x000000074a600000, 0x000000074a600000, 0x000000074a800000|  0%| F|  |TAMS 0x000000074a600000, 0x000000074a600000| Untracked 
|  60|0x000000074a800000, 0x000000074a800000, 0x000000074aa00000|  0%| F|  |TAMS 0x000000074a800000, 0x000000074a800000| Untracked 
|  61|0x000000074aa00000, 0x000000074aa00000, 0x000000074ac00000|  0%| F|  |TAMS 0x000000074aa00000, 0x000000074aa00000| Untracked 
|  62|0x000000074ac00000, 0x000000074ac00000, 0x000000074ae00000|  0%| F|  |TAMS 0x000000074ac00000, 0x000000074ac00000| Untracked 
|  63|0x000000074ae00000, 0x000000074ae00000, 0x000000074b000000|  0%| F|  |TAMS 0x000000074ae00000, 0x000000074ae00000| Untracked 
|  64|0x000000074b000000, 0x000000074b000000, 0x000000074b200000|  0%| F|  |TAMS 0x000000074b000000, 0x000000074b000000| Untracked 
|  65|0x000000074b200000, 0x000000074b200000, 0x000000074b400000|  0%| F|  |TAMS 0x000000074b200000, 0x000000074b200000| Untracked 
|  66|0x000000074b400000, 0x000000074b400000, 0x000000074b600000|  0%| F|  |TAMS 0x000000074b400000, 0x000000074b400000| Untracked 
|  67|0x000000074b600000, 0x000000074b600000, 0x000000074b800000|  0%| F|  |TAMS 0x000000074b600000, 0x000000074b600000| Untracked 
|  68|0x000000074b800000, 0x000000074b800000, 0x000000074ba00000|  0%| F|  |TAMS 0x000000074b800000, 0x000000074b800000| Untracked 
|  69|0x000000074ba00000, 0x000000074ba00000, 0x000000074bc00000|  0%| F|  |TAMS 0x000000074ba00000, 0x000000074ba00000| Untracked 
|  70|0x000000074bc00000, 0x000000074bc00000, 0x000000074be00000|  0%| F|  |TAMS 0x000000074bc00000, 0x000000074bc00000| Untracked 
|  71|0x000000074be00000, 0x000000074be00000, 0x000000074c000000|  0%| F|  |TAMS 0x000000074be00000, 0x000000074be00000| Untracked 
|  72|0x000000074c000000, 0x000000074c000000, 0x000000074c200000|  0%| F|  |TAMS 0x000000074c000000, 0x000000074c000000| Untracked 
|  73|0x000000074c200000, 0x000000074c200000, 0x000000074c400000|  0%| F|  |TAMS 0x000000074c200000, 0x000000074c200000| Untracked 
|  74|0x000000074c400000, 0x000000074c400000, 0x000000074c600000|  0%| F|  |TAMS 0x000000074c400000, 0x000000074c400000| Untracked 
|  75|0x000000074c600000, 0x000000074c600000, 0x000000074c800000|  0%| F|  |TAMS 0x000000074c600000, 0x000000074c600000| Untracked 
|  76|0x000000074c800000, 0x000000074c800000, 0x000000074ca00000|  0%| F|  |TAMS 0x000000074c800000, 0x000000074c800000| Untracked 
|  77|0x000000074ca00000, 0x000000074ca00000, 0x000000074cc00000|  0%| F|  |TAMS 0x000000074ca00000, 0x000000074ca00000| Untracked 
|  78|0x000000074cc00000, 0x000000074cc00000, 0x000000074ce00000|  0%| F|  |TAMS 0x000000074cc00000, 0x000000074cc00000| Untracked 
|  79|0x000000074ce00000, 0x000000074ce00000, 0x000000074d000000|  0%| F|  |TAMS 0x000000074ce00000, 0x000000074ce00000| Untracked 
|  80|0x000000074d000000, 0x000000074d000000, 0x000000074d200000|  0%| F|  |TAMS 0x000000074d000000, 0x000000074d000000| Untracked 
|  81|0x000000074d200000, 0x000000074d200000, 0x000000074d400000|  0%| F|  |TAMS 0x000000074d200000, 0x000000074d200000| Untracked 
|  82|0x000000074d400000, 0x000000074d400000, 0x000000074d600000|  0%| F|  |TAMS 0x000000074d400000, 0x000000074d400000| Untracked 
|  83|0x000000074d600000, 0x000000074d600000, 0x000000074d800000|  0%| F|  |TAMS 0x000000074d600000, 0x000000074d600000| Untracked 
|  84|0x000000074d800000, 0x000000074d800000, 0x000000074da00000|  0%| F|  |TAMS 0x000000074d800000, 0x000000074d800000| Untracked 
|  85|0x000000074da00000, 0x000000074da00000, 0x000000074dc00000|  0%| F|  |TAMS 0x000000074da00000, 0x000000074da00000| Untracked 
|  86|0x000000074dc00000, 0x000000074dc00000, 0x000000074de00000|  0%| F|  |TAMS 0x000000074dc00000, 0x000000074dc00000| Untracked 
|  87|0x000000074de00000, 0x000000074de00000, 0x000000074e000000|  0%| F|  |TAMS 0x000000074de00000, 0x000000074de00000| Untracked 
|  88|0x000000074e000000, 0x000000074e000000, 0x000000074e200000|  0%| F|  |TAMS 0x000000074e000000, 0x000000074e000000| Untracked 
|  89|0x000000074e200000, 0x000000074e200000, 0x000000074e400000|  0%| F|  |TAMS 0x000000074e200000, 0x000000074e200000| Untracked 
|  90|0x000000074e400000, 0x000000074e400000, 0x000000074e600000|  0%| F|  |TAMS 0x000000074e400000, 0x000000074e400000| Untracked 
|  91|0x000000074e600000, 0x000000074e600000, 0x000000074e800000|  0%| F|  |TAMS 0x000000074e600000, 0x000000074e600000| Untracked 
|  92|0x000000074e800000, 0x000000074e800000, 0x000000074ea00000|  0%| F|  |TAMS 0x000000074e800000, 0x000000074e800000| Untracked 
|  93|0x000000074ea00000, 0x000000074ea00000, 0x000000074ec00000|  0%| F|  |TAMS 0x000000074ea00000, 0x000000074ea00000| Untracked 
|  94|0x000000074ec00000, 0x000000074ece15a8, 0x000000074ee00000| 44%| E|  |TAMS 0x000000074ec00000, 0x000000074ec00000| Complete 

Card table byte_map: [0x000002069af80000,0x000002069b570000] _byte_map_base: 0x0000020697568000

Marking Bits (Prev, Next): (CMBitMap*) 0x0000020683e19860, (CMBitMap*) 0x0000020683e198a0
 Prev Bits: [0x000002069bb60000, 0x000002069eaa0000)
 Next Bits: [0x000002069eaa0000, 0x00000206a19e0000)

Polling page: 0x0000020681de0000

Metaspace:

Usage:
  Non-class:      2.81 MB used.
      Class:    233.18 KB used.
       Both:      3.04 MB used.

Virtual space:
  Non-class space:        8.00 MB reserved,       2.81 MB ( 35%) committed,  1 nodes.
      Class space:        1.00 GB reserved,     256.00 KB ( <1%) committed,  1 nodes.
             Both:        1.01 GB reserved,       3.06 MB ( <1%) committed. 

Chunk freelists:
   Non-Class:  0 bytes
       Class:  3.75 MB
        Both:  3.75 MB

MaxMetaspaceSize: unlimited
CompressedClassSpaceSize: 1.00 GB
Initial GC threshold: 21.00 MB
Current GC threshold: 21.00 MB
CDS: off
MetaspaceReclaimPolicy: balanced
 - commit_granule_bytes: 65536.
 - commit_granule_words: 8192.
 - virtual_space_node_default_size: 1048576.
 - enlarge_chunks_in_place: 1.
 - new_chunks_are_fully_committed: 0.
 - uncommit_free_chunks: 1.
 - use_allocation_guard: 0.
 - handle_deallocations: 1.


Internal statistics:

num_allocs_failed_limit: 0.
num_arena_births: 2.
num_arena_deaths: 0.
num_vsnodes_births: 2.
num_vsnodes_deaths: 0.
num_space_committed: 49.
num_space_uncommitted: 0.
num_chunks_returned_to_freelist: 0.
num_chunks_taken_from_freelist: 3.
num_chunk_merges: 0.
num_chunk_splits: 1.
num_chunks_enlarged: 0.
num_purges: 0.
num_inconsistent_stats: 0.

CodeHeap 'non-profiled nmethods': size=120000Kb used=0Kb max_used=0Kb free=120000Kb
 bounds [0x0000020693120000, 0x0000020693390000, 0x000002069a650000]
CodeHeap 'profiled nmethods': size=120000Kb used=14Kb max_used=14Kb free=119985Kb
 bounds [0x000002068b650000, 0x000002068b8c0000, 0x0000020692b80000]
CodeHeap 'non-nmethods': size=5760Kb used=1033Kb max_used=1039Kb free=4726Kb
 bounds [0x0000020692b80000, 0x0000020692df0000, 0x0000020693120000]
 total_blobs=285 nmethods=11 adapters=188
 compilation: enabled
              stopped_count=0, restarted_count=0
 full_count=0

Compilation events (20 events):
Event: 0.101 Thread 0x00000206a506bad0    2       3       java.lang.String::charAt (25 bytes)
Event: 0.101 Thread 0x00000206a506bad0 nmethod 2 0x000002068b650390 code [0x000002068b650560, 0x000002068b650938]
Event: 0.102 Thread 0x00000206a506bad0    6       3       java.lang.StringLatin1::indexOfChar (33 bytes)
Event: 0.102 Thread 0x00000206a506bad0 nmethod 6 0x000002068b650a90 code [0x000002068b650c40, 0x000002068b650e78]
Event: 0.102 Thread 0x00000206a506bad0    3       3       java.lang.StringLatin1::charAt (28 bytes)
Event: 0.102 Thread 0x00000206a506bad0 nmethod 3 0x000002068b650f90 code [0x000002068b651140, 0x000002068b651348]
Event: 0.102 Thread 0x00000206a506bad0    4       3       sun.nio.fs.WindowsPathParser::isSlash (18 bytes)
Event: 0.102 Thread 0x00000206a506bad0 nmethod 4 0x000002068b651490 code [0x000002068b651620, 0x000002068b651798]
Event: 0.102 Thread 0x00000206a506bad0    5       3       java.lang.StringLatin1::canEncode (13 bytes)
Event: 0.102 Thread 0x00000206a506bad0 nmethod 5 0x000002068b651810 code [0x000002068b6519a0, 0x000002068b651af8]
Event: 0.102 Thread 0x00000206a506bad0    7       3       java.lang.String::indexOf (29 bytes)
Event: 0.102 Thread 0x00000206a506bad0 nmethod 7 0x000002068b651b90 code [0x000002068b651d60, 0x000002068b651ff8]
Event: 0.102 Thread 0x00000206a506bad0   11       3       java.lang.Object::<init> (1 bytes)
Event: 0.102 Thread 0x00000206a506bad0 nmethod 11 0x000002068b652110 code [0x000002068b6522a0, 0x000002068b6523b8]
Event: 0.102 Thread 0x00000206a506bad0    8       3       java.lang.StringLatin1::indexOf (36 bytes)
Event: 0.103 Thread 0x00000206a506bad0 nmethod 8 0x000002068b652490 code [0x000002068b652660, 0x000002068b652a98]
Event: 0.103 Thread 0x00000206a506bad0    9       3       java.lang.String::indexOf (7 bytes)
Event: 0.103 Thread 0x00000206a506bad0 nmethod 9 0x000002068b652c10 code [0x000002068b652de0, 0x000002068b6530f8]
Event: 0.103 Thread 0x00000206a506bad0   10       3       sun.nio.fs.WindowsPathParser::isInvalidPathChar (22 bytes)
Event: 0.103 Thread 0x00000206a506bad0 nmethod 10 0x000002068b653210 code [0x000002068b6533e0, 0x000002068b653728]

GC Heap History (0 events):
No events

Deoptimization events (0 events):
No events

Classes unloaded (0 events):
No events

Classes redefined (0 events):
No events

Internal exceptions (0 events):
No events

VM Operations (0 events):
No events

Events (20 events):
Event: 0.104 loading class java/nio/DirectLongBufferU done
Event: 0.104 loading class java/util/jar/JarFile
Event: 0.104 loading class java/util/zip/ZipFile
Event: 0.105 loading class java/util/zip/ZipConstants
Event: 0.105 loading class java/util/zip/ZipConstants done
Event: 0.105 loading class java/util/zip/ZipFile done
Event: 0.105 loading class java/util/jar/JarFile done
Event: 0.105 loading class java/util/zip/ZipFile$1
Event: 0.105 loading class jdk/internal/access/JavaUtilZipFileAccess
Event: 0.105 loading class jdk/internal/access/JavaUtilZipFileAccess done
Event: 0.105 loading class java/util/zip/ZipFile$1 done
Event: 0.105 loading class java/util/jar/JavaUtilJarAccessImpl
Event: 0.105 loading class jdk/internal/access/JavaUtilJarAccess
Event: 0.105 loading class jdk/internal/access/JavaUtilJarAccess done
Event: 0.105 loading class java/util/jar/JavaUtilJarAccessImpl done
Event: 0.105 loading class java/lang/Runtime$Version
Event: 0.106 loading class java/lang/Runtime$Version done
Event: 0.106 loading class java/util/ImmutableCollections$List12
Event: 0.106 loading class java/util/ImmutableCollections$List12 done
Event: 0.106 loading class java/util/Optional


Dynamic libraries:
0x00007ff7c6820000 - 0x00007ff7c6830000 	C:\Program Files\Java\jdk-17\bin\java.exe
0x00007ff8ea490000 - 0x00007ff8ea688000 	C:\WINDOWS\SYSTEM32\ntdll.dll
0x00007ff8ea240000 - 0x00007ff8ea2ff000 	C:\WINDOWS\System32\KERNEL32.DLL
0x00007ff8e7d70000 - 0x00007ff8e8066000 	C:\WINDOWS\System32\KERNELBASE.dll
0x00007ff8e81e0000 - 0x00007ff8e82e0000 	C:\WINDOWS\System32\ucrtbase.dll
0x00007ff8dad90000 - 0x00007ff8dada8000 	C:\Program Files\Java\jdk-17\bin\jli.dll
0x00007ff8dad00000 - 0x00007ff8dad1b000 	C:\Program Files\Java\jdk-17\bin\VCRUNTIME140.dll
0x00007ff8ea3a0000 - 0x00007ff8ea44f000 	C:\WINDOWS\System32\ADVAPI32.dll
0x00007ff8e9700000 - 0x00007ff8e979e000 	C:\WINDOWS\System32\msvcrt.dll
0x00007ff8e93f0000 - 0x00007ff8e948c000 	C:\WINDOWS\System32\sechost.dll
0x00007ff8e8b80000 - 0x00007ff8e8ca6000 	C:\WINDOWS\System32\RPCRT4.dll
0x00007ff8e9250000 - 0x00007ff8e93ed000 	C:\WINDOWS\System32\USER32.dll
0x00007ff8e7c80000 - 0x00007ff8e7ca2000 	C:\WINDOWS\System32\win32u.dll
0x00007ff8cec70000 - 0x00007ff8cef0a000 	C:\WINDOWS\WinSxS\amd64_microsoft.windows.common-controls_6595b64144ccf1df_6.0.19041.1110_none_60b5254171f9507e\COMCTL32.dll
0x00007ff8e96d0000 - 0x00007ff8e96fc000 	C:\WINDOWS\System32\GDI32.dll
0x00007ff8e80c0000 - 0x00007ff8e81d5000 	C:\WINDOWS\System32\gdi32full.dll
0x00007ff8e7b70000 - 0x00007ff8e7c0d000 	C:\WINDOWS\System32\msvcp_win.dll
0x00007ff8e0480000 - 0x00007ff8e048a000 	C:\WINDOWS\SYSTEM32\VERSION.dll
0x00007ff8e9860000 - 0x00007ff8e9890000 	C:\WINDOWS\System32\IMM32.DLL
0x00007ff8dee00000 - 0x00007ff8dee0c000 	C:\Program Files\Java\jdk-17\bin\vcruntime140_1.dll
0x00007ff8ce390000 - 0x00007ff8ce41e000 	C:\Program Files\Java\jdk-17\bin\msvcp140.dll
0x00007ff873be0000 - 0x00007ff8747b7000 	C:\Program Files\Java\jdk-17\bin\server\jvm.dll
0x00007ff8ea300000 - 0x00007ff8ea308000 	C:\WINDOWS\System32\PSAPI.DLL
0x00007ff8e1f20000 - 0x00007ff8e1f29000 	C:\WINDOWS\SYSTEM32\WSOCK32.dll
0x00007ff8d1e20000 - 0x00007ff8d1e47000 	C:\WINDOWS\SYSTEM32\WINMM.dll
0x00007ff8e8d70000 - 0x00007ff8e8ddb000 	C:\WINDOWS\System32\WS2_32.dll
0x00007ff8e6380000 - 0x00007ff8e6392000 	C:\WINDOWS\SYSTEM32\kernel.appcore.dll
0x00007ff8dace0000 - 0x00007ff8dacea000 	C:\Program Files\Java\jdk-17\bin\jimage.dll
0x00007ff8e58e0000 - 0x00007ff8e5ac4000 	C:\WINDOWS\SYSTEM32\DBGHELP.DLL
0x00007ff8c7bc0000 - 0x00007ff8c7bf4000 	C:\WINDOWS\SYSTEM32\dbgcore.DLL
0x00007ff8e7ce0000 - 0x00007ff8e7d62000 	C:\WINDOWS\System32\bcryptPrimitives.dll
0x00007ff8e3200000 - 0x00007ff8e320e000 	C:\Program Files\Java\jdk-17\bin\instrument.dll
0x00007ff8d1ec0000 - 0x00007ff8d1ee5000 	C:\Program Files\Java\jdk-17\bin\java.dll
0x00007ff8b0300000 - 0x00007ff8b03d7000 	C:\Program Files\Java\jdk-17\bin\jsvml.dll
0x00007ff8e9a20000 - 0x00007ff8ea164000 	C:\WINDOWS\System32\SHELL32.dll
0x00007ff8e5bd0000 - 0x00007ff8e6363000 	C:\WINDOWS\SYSTEM32\windows.storage.dll
0x00007ff8e87a0000 - 0x00007ff8e8af4000 	C:\WINDOWS\System32\combase.dll
0x00007ff8e74f0000 - 0x00007ff8e751e000 	C:\WINDOWS\SYSTEM32\Wldp.dll
0x00007ff8e9970000 - 0x00007ff8e9a1d000 	C:\WINDOWS\System32\SHCORE.dll
0x00007ff8e8cb0000 - 0x00007ff8e8d05000 	C:\WINDOWS\System32\shlwapi.dll
0x00007ff8e7ab0000 - 0x00007ff8e7acf000 	C:\WINDOWS\SYSTEM32\profapi.dll

dbghelp: loaded successfully - version: 4.0.5 - missing functions: none
symbol engine: initialized successfully - sym options: 0x614 - pdb path: .;C:\Program Files\Java\jdk-17\bin;C:\WINDOWS\SYSTEM32;C:\WINDOWS\WinSxS\amd64_microsoft.windows.common-controls_6595b64144ccf1df_6.0.19041.1110_none_60b5254171f9507e;C:\Program Files\Java\jdk-17\bin\server

VM Arguments:
jvm_args: -javaagent:C:\Program Files\JetBrains\IntelliJ IDEA 2022.2.1\lib\idea_rt.jar=54995:C:\Program Files\JetBrains\IntelliJ IDEA 2022.2.1\bin -Dfile.encoding=UTF-8 --module-path=C:\Users\AmirAli\.m2\repository\org\openjfx\javafx-fxml\17.0.2\javafx-fxml-17.0.2-win.jar;C:\Users\AmirAli\.m2\repository\com\google\code\gson\gson\2.10.1\gson-2.10.1.jar;C:\Users\AmirAli\.m2\repository\org\openjfx\javafx-controls\17.0.2\javafx-controls-17.0.2-win.jar;C:\Users\AmirAli\.m2\repository\org\openjfx\javafx-graphics\17.0.2\javafx-graphics-17.0.2-win.jar;C:\Users\AmirAli\.m2\repository\org\openjfx\javafx-base\17.0.2\javafx-base-17.0.2-win.jar;C:\Users\AmirAli\.m2\repository\org\openjfx\javafx-media\16\javafx-media-16-win.jar;C:\Users\AmirAli\Desktop\AP-Project\project-group-39\warSalib\target\classes;C:\Users\AmirAli\.m2\repository\org\passay\passay\1.3.1\passay-1.3.1.jar -Djdk.module.main=warSalib 
java_command: warSalib/view.StartGame
java_class_path (initial): C:\Users\AmirAli\.m2\repository\com\googlecode\json-simple\json-simple\1.1\json-simple-1.1.jar;C:\Users\AmirAli\.m2\repository\com\thoughtworks\xstream\xstream\1.4.17\xstream-1.4.17.jar;C:\Users\AmirAli\.m2\repository\io\github\x-stream\mxparser\1.2.1\mxparser-1.2.1.jar;C:\Users\AmirAli\.m2\repository\xmlpull\xmlpull\1.1.3.1\xmlpull-1.1.3.1.jar;C:\Users\AmirAli\.m2\repository\org\openjfx\javafx-controls\17.0.2\javafx-controls-17.0.2.jar;C:\Users\AmirAli\.m2\repository\org\openjfx\javafx-graphics\17.0.2\javafx-graphics-17.0.2.jar;C:\Users\AmirAli\.m2\repository\org\openjfx\javafx-base\17.0.2\javafx-base-17.0.2.jar;C:\Users\AmirAli\.m2\repository\org\openjfx\javafx-fxml\17.0.2\javafx-fxml-17.0.2.jar;C:\Users\AmirAli\.m2\repository\org\openjfx\javafx-media\16\javafx-media-16.jar
Launcher Type: SUN_STANDARD

[Global flags]
     intx CICompilerCount                          = 4                                         {product} {ergonomic}
     uint ConcGCThreads                            = 2                                         {product} {ergonomic}
     uint G1ConcRefinementThreads                  = 8                                         {product} {ergonomic}
   size_t G1HeapRegionSize                         = 2097152                                   {product} {ergonomic}
    uintx GCDrainStackTargetSize                   = 64                                        {product} {ergonomic}
   size_t InitialHeapSize                          = 199229440                                 {product} {ergonomic}
   size_t MarkStackSize                            = 4194304                                   {product} {ergonomic}
   size_t MaxHeapSize                              = 3170893824                                {product} {ergonomic}
   size_t MaxNewSize                               = 1902116864                                {product} {ergonomic}
   size_t MinHeapDeltaBytes                        = 2097152                                   {product} {ergonomic}
   size_t MinHeapSize                              = 8388608                                   {product} {ergonomic}
    uintx NonNMethodCodeHeapSize                   = 5839372                                {pd product} {ergonomic}
    uintx NonProfiledCodeHeapSize                  = 122909434                              {pd product} {ergonomic}
    uintx ProfiledCodeHeapSize                     = 122909434                              {pd product} {ergonomic}
    uintx ReservedCodeCacheSize                    = 251658240                              {pd product} {ergonomic}
     bool SegmentedCodeCache                       = true                                      {product} {ergonomic}
   size_t SoftMaxHeapSize                          = 3170893824                             {manageable} {ergonomic}
     bool UseCompressedClassPointers               = true                           {product lp64_product} {ergonomic}
     bool UseCompressedOops                        = true                           {product lp64_product} {ergonomic}
     bool UseG1GC                                  = true                                      {product} {ergonomic}
     bool UseLargePagesIndividualAllocation        = false                                  {pd product} {ergonomic}

Logging:
Log output configuration:
 #0: stdout all=warning uptime,level,tags
 #1: stderr all=off uptime,level,tags

Environment Variables:
PATH=C:\Program Files\Common Files\Oracle\Java\javapath;C:\Program Files (x86)\Common Files\Oracle\Java\javapath;C:\Program Files (x86)\VMware\VMware Workstation\bin\;C:\Windows\system32;C:\Windows;C:\Windows\System32\Wbem;C:\Windows\System32\WindowsPowerShell\v1.0\;C:\Windows\System32\OpenSSH\;C:\Program Files (x86)\NVIDIA Corporation\PhysX\Common;C:\WINDOWS\system32;C:\WINDOWS;C:\WINDOWS\System32\Wbem;C:\WINDOWS\System32\WindowsPowerShell\v1.0\;C:\WINDOWS\System32\OpenSSH\;C:\Program Files (x86)\Microsoft VS Code\bin;C:\Program Files\Git\cmd;C:\Program Files\Java\jdk1.8.0_361;C:\Users\AmirAli\AppData\Local\Programs\Python\Python310\Scripts\;C:\Users\AmirAli\AppData\Local\Programs\Python\Python310\;C:\Users\AmirAli\AppData\Local\Microsoft\WindowsApps;C:\MinGW\bin;C:\Users\AmirAli\AppData\Local\Programs\MiKTeX\miktex\bin\x64\;C:\Program Files\JetBrains\CLion 2022.3.1\bin;;C:\Program Files\JetBrains\IntelliJ IDEA 2022.2.1\bin;;C:\Program Files\Java\jdk-17\bin;
USERNAME=AmirAli
OS=Windows_NT
PROCESSOR_IDENTIFIER=Intel64 Family 6 Model 126 Stepping 5, GenuineIntel



---------------  S Y S T E M  ---------------

OS:
 Windows 10 , 64 bit Build 19041 (10.0.19041.2913)
OS uptime: 25 days 7:29 hours
Hyper-V role detected

CPU: total 8 (initial active 8) (4 cores per cpu, 2 threads per core) family 6 model 126 stepping 5 microcode 0xa6, cx8, cmov, fxsr, ht, mmx, 3dnowpref, sse, sse2, sse3, ssse3, sse4.1, sse4.2, popcnt, lzcnt, tsc, tscinvbit, avx, avx2, aes, erms, clmul, bmi1, bmi2, adx, avx512f, avx512dq, avx512cd, avx512bw, avx512vl, sha, fma, vzeroupper, avx512_vpopcntdq, avx512_vpclmulqdq, avx512_vaes, avx512_vnni, clflush, clflushopt, avx512_vbmi2, avx512_vbmi, hv

Memory: 4k page, system-wide physical 12093M (3427M free)
TotalPageFile size 16386M (AvailPageFile size 4M)
current process WorkingSet (physical memory assigned to process): 23M, peak: 23M
current process commit charge ("private bytes"): 264M, peak: 270M

vm_info: Java HotSpot(TM) 64-Bit Server VM (17.0.6+9-LTS-190) for windows-amd64 JRE (17.0.6+9-LTS-190), built on Dec  6 2022 15:53:54 by "mach5one" with MS VC++ 17.1 (VS2022)

END.
