#
# There is insufficient memory for the Java Runtime Environment to continue.
# Native memory allocation (mmap) failed to map 199229440 bytes for G1 virtual space
# Possible reasons:
#   The system is out of physical RAM or swap space
#   The process is running with CompressedOops enabled, and the Java Heap may be blocking the growth of the native heap
# Possible solutions:
#   Reduce memory load on the system
#   Increase physical memory or swap space
#   Check if swap backing store is full
#   Decrease Java heap size (-Xmx/-Xms)
#   Decrease number of Java threads
#   Decrease Java thread stack sizes (-Xss)
#   Set larger code cache with -XX:ReservedCodeCacheSize=
#   JVM is running with Zero Based Compressed Oops mode in which the Java heap is
#     placed in the first 32GB address space. The Java Heap base address is the
#     maximum limit for the native heap growth. Please use -XX:HeapBaseMinAddress
#     to set the Java Heap base and to place the Java Heap above 32GB virtual address.
# This output file may be truncated or incomplete.
#
#  Out of Memory Error (os_windows.cpp:3550), pid=43316, tid=19040
#
# JRE version:  (17.0.6+9) (build )
# Java VM: Java HotSpot(TM) 64-Bit Server VM (17.0.6+9-LTS-190, mixed mode, sharing, tiered, compressed oops, compressed class ptrs, g1 gc, windows-amd64)
# No core dump will be written. Minidumps are not enabled by default on client versions of Windows
#

---------------  S U M M A R Y ------------

Command Line: -javaagent:C:\Program Files\JetBrains\IntelliJ IDEA 2022.2.1\lib\idea_rt.jar=60473:C:\Program Files\JetBrains\IntelliJ IDEA 2022.2.1\bin -Dfile.encoding=UTF-8 --module-path=C:\Users\AmirAli\Desktop\AP-Project\project-group-39\warSalib\target\classes;C:\Users\AmirAli\.m2\repository\org\openjfx\javafx-fxml\17.0.2\javafx-fxml-17.0.2-win.jar;C:\Users\AmirAli\.m2\repository\org\openjfx\javafx-media\16\javafx-media-16-win.jar;C:\Users\AmirAli\.m2\repository\org\openjfx\javafx-controls\17.0.2\javafx-controls-17.0.2-win.jar;C:\Users\AmirAli\.m2\repository\org\openjfx\javafx-base\17.0.2\javafx-base-17.0.2-win.jar;C:\Users\AmirAli\.m2\repository\org\passay\passay\1.3.1\passay-1.3.1.jar;C:\Users\AmirAli\.m2\repository\com\google\code\gson\gson\2.10.1\gson-2.10.1.jar;C:\Users\AmirAli\.m2\repository\org\openjfx\javafx-graphics\17.0.2\javafx-graphics-17.0.2-win.jar -Djdk.module.main=warSalib warSalib/view.StartGame

Host: Intel(R) Core(TM) i5-1035G1 CPU @ 1.00GHz, 8 cores, 11G,  Windows 10 , 64 bit Build 19041 (10.0.19041.2913)
Time: Fri Jun 30 16:01:40 2023 Iran Standard Time elapsed time: 0.019926 seconds (0d 0h 0m 0s)

---------------  T H R E A D  ---------------

Current thread (0x000001cfe3493690):  JavaThread "Unknown thread" [_thread_in_vm, id=19040, stack(0x000000c903200000,0x000000c903300000)]

Stack: [0x000000c903200000,0x000000c903300000]
Native frames: (J=compiled Java code, j=interpreted, Vv=VM code, C=native code)
V  [jvm.dll+0x6734ea]
V  [jvm.dll+0x7d18f4]
V  [jvm.dll+0x7d309e]
V  [jvm.dll+0x7d3703]
V  [jvm.dll+0x2433c5]
V  [jvm.dll+0x6703f9]
V  [jvm.dll+0x664d32]
V  [jvm.dll+0x300086]
V  [jvm.dll+0x307606]
V  [jvm.dll+0x356c1e]
V  [jvm.dll+0x356e4f]
V  [jvm.dll+0x2d72e8]
V  [jvm.dll+0x2d8254]
V  [jvm.dll+0x7a33b1]
V  [jvm.dll+0x3647f1]
V  [jvm.dll+0x782839]
V  [jvm.dll+0x3e757f]
V  [jvm.dll+0x3e9001]
C  [jli.dll+0x5297]
C  [ucrtbase.dll+0x21bb2]
C  [KERNEL32.DLL+0x17614]
C  [ntdll.dll+0x526a1]


---------------  P R O C E S S  ---------------

Threads class SMR info:
_java_thread_list=0x00007ff87468e958, length=0, elements={
}

Java Threads: ( => current thread )

Other Threads:
  0x000001cfe34eaa20 GCTaskThread "GC Thread#0" [stack: 0x000000c903300000,0x000000c903400000] [id=46544]
  0x000001cfe34f7660 ConcurrentGCThread "G1 Main Marker" [stack: 0x000000c903400000,0x000000c903500000] [id=29868]
  0x000001cfe34f8070 ConcurrentGCThread "G1 Conc#0" [stack: 0x000000c903500000,0x000000c903600000] [id=78784]

[error occurred during error reporting (printing all threads), id 0xc0000005, EXCEPTION_ACCESS_VIOLATION (0xc0000005) at pc=0x00007ff873ec7f07]

VM state: not at safepoint (not fully initialized)

VM Mutex/Monitor currently owned by a thread:  ([mutex/lock_event])
[0x000001cfe348dc30] Heap_lock - owner thread: 0x000001cfe3493690

Heap address: 0x0000000743000000, size: 3024 MB, Compressed Oops mode: Zero based, Oop shift amount: 3

CDS archive(s) mapped at: [0x0000000000000000-0x0000000000000000-0x0000000000000000), size 0, SharedBaseAddress: 0x0000000800000000, ArchiveRelocationMode: 0.
Narrow klass base: 0x0000000000000000, Narrow klass shift: 0, Narrow klass range: 0x0

GC Precious Log:
<Empty>

Heap:
 garbage-first heap   total 0K, used 0K [0x0000000743000000, 0x0000000800000000)
  region size 2048K, 0 young (0K), 0 survivors (0K)

[error occurred during error reporting (printing heap information), id 0xc0000005, EXCEPTION_ACCESS_VIOLATION (0xc0000005) at pc=0x00007ff8742ac759]

GC Heap History (0 events):
No events

Deoptimization events (0 events):
No events

Classes unloaded (0 events):
No events

Classes redefined (0 events):
No events

Internal exceptions (0 events):
No events

VM Operations (0 events):
No events

Events (1 events):
Event: 0.012 Loaded shared library C:\Program Files\Java\jdk-17\bin\java.dll


Dynamic libraries:
0x00007ff7c6820000 - 0x00007ff7c6830000 	C:\Program Files\Java\jdk-17\bin\java.exe
0x00007ff8ea490000 - 0x00007ff8ea688000 	C:\WINDOWS\SYSTEM32\ntdll.dll
0x00007ff8ea240000 - 0x00007ff8ea2ff000 	C:\WINDOWS\System32\KERNEL32.DLL
0x00007ff8e7d70000 - 0x00007ff8e8066000 	C:\WINDOWS\System32\KERNELBASE.dll
0x00007ff8e81e0000 - 0x00007ff8e82e0000 	C:\WINDOWS\System32\ucrtbase.dll
0x00007ff8dad90000 - 0x00007ff8dada8000 	C:\Program Files\Java\jdk-17\bin\jli.dll
0x00007ff8dad00000 - 0x00007ff8dad1b000 	C:\Program Files\Java\jdk-17\bin\VCRUNTIME140.dll
0x00007ff8ea3a0000 - 0x00007ff8ea44f000 	C:\WINDOWS\System32\ADVAPI32.dll
0x00007ff8e9700000 - 0x00007ff8e979e000 	C:\WINDOWS\System32\msvcrt.dll
0x00007ff8e93f0000 - 0x00007ff8e948c000 	C:\WINDOWS\System32\sechost.dll
0x00007ff8e8b80000 - 0x00007ff8e8ca6000 	C:\WINDOWS\System32\RPCRT4.dll
0x00007ff8e9250000 - 0x00007ff8e93ed000 	C:\WINDOWS\System32\USER32.dll
0x00007ff8e7c80000 - 0x00007ff8e7ca2000 	C:\WINDOWS\System32\win32u.dll
0x00007ff8cec70000 - 0x00007ff8cef0a000 	C:\WINDOWS\WinSxS\amd64_microsoft.windows.common-controls_6595b64144ccf1df_6.0.19041.1110_none_60b5254171f9507e\COMCTL32.dll
0x00007ff8e96d0000 - 0x00007ff8e96fc000 	C:\WINDOWS\System32\GDI32.dll
0x00007ff8e80c0000 - 0x00007ff8e81d5000 	C:\WINDOWS\System32\gdi32full.dll
0x00007ff8e7b70000 - 0x00007ff8e7c0d000 	C:\WINDOWS\System32\msvcp_win.dll
0x00007ff8e0480000 - 0x00007ff8e048a000 	C:\WINDOWS\SYSTEM32\VERSION.dll
0x00007ff8e9860000 - 0x00007ff8e9890000 	C:\WINDOWS\System32\IMM32.DLL
0x00007ff8dee00000 - 0x00007ff8dee0c000 	C:\Program Files\Java\jdk-17\bin\vcruntime140_1.dll
0x00007ff8ce390000 - 0x00007ff8ce41e000 	C:\Program Files\Java\jdk-17\bin\msvcp140.dll
0x00007ff873be0000 - 0x00007ff8747b7000 	C:\Program Files\Java\jdk-17\bin\server\jvm.dll
0x00007ff8ea300000 - 0x00007ff8ea308000 	C:\WINDOWS\System32\PSAPI.DLL
0x00007ff8d1e20000 - 0x00007ff8d1e47000 	C:\WINDOWS\SYSTEM32\WINMM.dll
0x00007ff8e1f20000 - 0x00007ff8e1f29000 	C:\WINDOWS\SYSTEM32\WSOCK32.dll
0x00007ff8e8d70000 - 0x00007ff8e8ddb000 	C:\WINDOWS\System32\WS2_32.dll
0x00007ff8e6380000 - 0x00007ff8e6392000 	C:\WINDOWS\SYSTEM32\kernel.appcore.dll
0x00007ff8dace0000 - 0x00007ff8dacea000 	C:\Program Files\Java\jdk-17\bin\jimage.dll
0x00007ff8e58e0000 - 0x00007ff8e5ac4000 	C:\WINDOWS\SYSTEM32\DBGHELP.DLL
0x00007ff8c7bc0000 - 0x00007ff8c7bf4000 	C:\WINDOWS\SYSTEM32\dbgcore.DLL
0x00007ff8e7ce0000 - 0x00007ff8e7d62000 	C:\WINDOWS\System32\bcryptPrimitives.dll
0x00007ff8e1fd0000 - 0x00007ff8e1fde000 	C:\Program Files\Java\jdk-17\bin\instrument.dll
0x00007ff8d1ec0000 - 0x00007ff8d1ee5000 	C:\Program Files\Java\jdk-17\bin\java.dll

dbghelp: loaded successfully - version: 4.0.5 - missing functions: none
symbol engine: initialized successfully - sym options: 0x614 - pdb path: .;C:\Program Files\Java\jdk-17\bin;C:\WINDOWS\SYSTEM32;C:\WINDOWS\WinSxS\amd64_microsoft.windows.common-controls_6595b64144ccf1df_6.0.19041.1110_none_60b5254171f9507e;C:\Program Files\Java\jdk-17\bin\server

VM Arguments:
jvm_args: -javaagent:C:\Program Files\JetBrains\IntelliJ IDEA 2022.2.1\lib\idea_rt.jar=60473:C:\Program Files\JetBrains\IntelliJ IDEA 2022.2.1\bin -Dfile.encoding=UTF-8 --module-path=C:\Users\AmirAli\Desktop\AP-Project\project-group-39\warSalib\target\classes;C:\Users\AmirAli\.m2\repository\org\openjfx\javafx-fxml\17.0.2\javafx-fxml-17.0.2-win.jar;C:\Users\AmirAli\.m2\repository\org\openjfx\javafx-media\16\javafx-media-16-win.jar;C:\Users\AmirAli\.m2\repository\org\openjfx\javafx-controls\17.0.2\javafx-controls-17.0.2-win.jar;C:\Users\AmirAli\.m2\repository\org\openjfx\javafx-base\17.0.2\javafx-base-17.0.2-win.jar;C:\Users\AmirAli\.m2\repository\org\passay\passay\1.3.1\passay-1.3.1.jar;C:\Users\AmirAli\.m2\repository\com\google\code\gson\gson\2.10.1\gson-2.10.1.jar;C:\Users\AmirAli\.m2\repository\org\openjfx\javafx-graphics\17.0.2\javafx-graphics-17.0.2-win.jar -Djdk.module.main=warSalib 
java_command: warSalib/view.StartGame
java_class_path (initial): C:\Users\AmirAli\.m2\repository\com\googlecode\json-simple\json-simple\1.1\json-simple-1.1.jar;C:\Users\AmirAli\.m2\repository\com\thoughtworks\xstream\xstream\1.4.17\xstream-1.4.17.jar;C:\Users\AmirAli\.m2\repository\io\github\x-stream\mxparser\1.2.1\mxparser-1.2.1.jar;C:\Users\AmirAli\.m2\repository\xmlpull\xmlpull\1.1.3.1\xmlpull-1.1.3.1.jar;C:\Users\AmirAli\.m2\repository\org\openjfx\javafx-controls\17.0.2\javafx-controls-17.0.2.jar;C:\Users\AmirAli\.m2\repository\org\openjfx\javafx-graphics\17.0.2\javafx-graphics-17.0.2.jar;C:\Users\AmirAli\.m2\repository\org\openjfx\javafx-base\17.0.2\javafx-base-17.0.2.jar;C:\Users\AmirAli\.m2\repository\org\openjfx\javafx-fxml\17.0.2\javafx-fxml-17.0.2.jar;C:\Users\AmirAli\.m2\repository\org\openjfx\javafx-media\16\javafx-media-16.jar
Launcher Type: SUN_STANDARD

[Global flags]
     intx CICompilerCount                          = 4                                         {product} {ergonomic}
     uint ConcGCThreads                            = 2                                         {product} {ergonomic}
     uint G1ConcRefinementThreads                  = 8                                         {product} {ergonomic}
   size_t G1HeapRegionSize                         = 2097152                                   {product} {ergonomic}
    uintx GCDrainStackTargetSize                   = 64                                        {product} {ergonomic}
   size_t InitialHeapSize                          = 199229440                                 {product} {ergonomic}
   size_t MarkStackSize                            = 4194304                                   {product} {ergonomic}
   size_t MaxHeapSize                              = 3170893824                                {product} {ergonomic}
   size_t MinHeapDeltaBytes                        = 2097152                                   {product} {ergonomic}
   size_t MinHeapSize                              = 8388608                                   {product} {ergonomic}
    uintx NonNMethodCodeHeapSize                   = 5839372                                {pd product} {ergonomic}
    uintx NonProfiledCodeHeapSize                  = 122909434                              {pd product} {ergonomic}
    uintx ProfiledCodeHeapSize                     = 122909434                              {pd product} {ergonomic}
    uintx ReservedCodeCacheSize                    = 251658240                              {pd product} {ergonomic}
     bool SegmentedCodeCache                       = true                                      {product} {ergonomic}
   size_t SoftMaxHeapSize                          = 3170893824                             {manageable} {ergonomic}
     bool UseCompressedClassPointers               = true                           {product lp64_product} {ergonomic}
     bool UseCompressedOops                        = true                           {product lp64_product} {ergonomic}
     bool UseG1GC                                  = true                                      {product} {ergonomic}
     bool UseLargePagesIndividualAllocation        = false                                  {pd product} {ergonomic}

Logging:
Log output configuration:
 #0: stdout all=warning uptime,level,tags
 #1: stderr all=off uptime,level,tags

Environment Variables:
PATH=C:\Program Files\Common Files\Oracle\Java\javapath;C:\Program Files (x86)\Common Files\Oracle\Java\javapath;C:\Program Files (x86)\VMware\VMware Workstation\bin\;C:\Windows\system32;C:\Windows;C:\Windows\System32\Wbem;C:\Windows\System32\WindowsPowerShell\v1.0\;C:\Windows\System32\OpenSSH\;C:\Program Files (x86)\NVIDIA Corporation\PhysX\Common;C:\WINDOWS\system32;C:\WINDOWS;C:\WINDOWS\System32\Wbem;C:\WINDOWS\System32\WindowsPowerShell\v1.0\;C:\WINDOWS\System32\OpenSSH\;C:\Program Files (x86)\Microsoft VS Code\bin;C:\Program Files\Git\cmd;C:\Program Files\Java\jdk1.8.0_361;C:\Users\AmirAli\AppData\Local\Programs\Python\Python310\Scripts\;C:\Users\AmirAli\AppData\Local\Programs\Python\Python310\;C:\Users\AmirAli\AppData\Local\Microsoft\WindowsApps;C:\MinGW\bin;C:\Users\AmirAli\AppData\Local\Programs\MiKTeX\miktex\bin\x64\;C:\Program Files\JetBrains\CLion 2022.3.1\bin;;C:\Program Files\JetBrains\IntelliJ IDEA 2022.2.1\bin;;C:\Program Files\Java\jdk-17\bin;
USERNAME=AmirAli
OS=Windows_NT
PROCESSOR_IDENTIFIER=Intel64 Family 6 Model 126 Stepping 5, GenuineIntel



---------------  S Y S T E M  ---------------

OS:
 Windows 10 , 64 bit Build 19041 (10.0.19041.2913)
OS uptime: 24 days 3:35 hours
Hyper-V role detected

CPU: total 8 (initial active 8) (4 cores per cpu, 2 threads per core) family 6 model 126 stepping 5 microcode 0xa6, cx8, cmov, fxsr, ht, mmx, 3dnowpref, sse, sse2, sse3, ssse3, sse4.1, sse4.2, popcnt, lzcnt, tsc, tscinvbit, avx, avx2, aes, erms, clmul, bmi1, bmi2, adx, avx512f, avx512dq, avx512cd, avx512bw, avx512vl, sha, fma, vzeroupper, avx512_vpopcntdq, avx512_vpclmulqdq, avx512_vaes, avx512_vnni, clflush, clflushopt, avx512_vbmi2, avx512_vbmi, hv

Memory: 4k page, system-wide physical 12093M (2218M free)
TotalPageFile size 16339M (AvailPageFile size 26M)
current process WorkingSet (physical memory assigned to process): 10M, peak: 10M
current process commit charge ("private bytes"): 60M, peak: 250M

vm_info: Java HotSpot(TM) 64-Bit Server VM (17.0.6+9-LTS-190) for windows-amd64 JRE (17.0.6+9-LTS-190), built on Dec  6 2022 15:53:54 by "mach5one" with MS VC++ 17.1 (VS2022)

END.
